

Started GET "/" for ::1 at 2016-08-16 18:58:38 -0400
Processing by Rails::WelcomeController#index as HTML
  Rendered C:/RailsInstaller/Ruby2.2.0/lib/ruby/gems/2.2.0/gems/railties-4.2.5.1/lib/rails/templates/rails/welcome/index.html.erb (12.6ms)
Completed 200 OK in 130ms (Views: 113.6ms | ActiveRecord: 0.0ms)


Started GET "/" for ::1 at 2016-08-16 19:18:02 -0400
Processing by Rails::WelcomeController#index as HTML
  Rendered C:/RailsInstaller/Ruby2.2.0/lib/ruby/gems/2.2.0/gems/railties-4.2.5.1/lib/rails/templates/rails/welcome/index.html.erb (0.0ms)
Completed 200 OK in 16ms (Views: 16.7ms | ActiveRecord: 0.0ms)


Started GET "/" for ::1 at 2016-08-16 19:19:01 -0400
Processing by Rails::WelcomeController#index as HTML
  Rendered C:/RailsInstaller/Ruby2.2.0/lib/ruby/gems/2.2.0/gems/railties-4.2.5.1/lib/rails/templates/rails/welcome/index.html.erb (0.0ms)
Completed 200 OK in 17ms (Views: 16.8ms | ActiveRecord: 0.0ms)


Started GET "/" for ::1 at 2016-08-16 19:19:03 -0400
Processing by Rails::WelcomeController#index as HTML
  Rendered C:/RailsInstaller/Ruby2.2.0/lib/ruby/gems/2.2.0/gems/railties-4.2.5.1/lib/rails/templates/rails/welcome/index.html.erb (0.0ms)
Completed 200 OK in 18ms (Views: 17.4ms | ActiveRecord: 0.0ms)


Started GET "/" for ::1 at 2016-08-16 19:19:05 -0400
Processing by Rails::WelcomeController#index as HTML
  Rendered C:/RailsInstaller/Ruby2.2.0/lib/ruby/gems/2.2.0/gems/railties-4.2.5.1/lib/rails/templates/rails/welcome/index.html.erb (0.0ms)
Completed 200 OK in 16ms (Views: 16.6ms | ActiveRecord: 0.0ms)


Started GET "/" for ::1 at 2016-08-16 19:19:42 -0400
Processing by Rails::WelcomeController#index as HTML
  Rendered C:/RailsInstaller/Ruby2.2.0/lib/ruby/gems/2.2.0/gems/railties-4.2.5.1/lib/rails/templates/rails/welcome/index.html.erb (0.0ms)
Completed 200 OK in 27ms (Views: 27.1ms | ActiveRecord: 0.0ms)


Started GET "/rails/info/properties" for ::1 at 2016-08-16 19:19:48 -0400
Processing by Rails::InfoController#properties as */*
  Rendered C:/RailsInstaller/Ruby2.2.0/lib/ruby/gems/2.2.0/gems/railties-4.2.5.1/lib/rails/templates/rails/info/properties.html.erb (0.5ms)
Completed 200 OK in 558ms (Views: 363.6ms | ActiveRecord: 40.3ms)


Started GET "/" for ::1 at 2016-08-16 19:19:54 -0400
Processing by Rails::WelcomeController#index as HTML
  Rendered C:/RailsInstaller/Ruby2.2.0/lib/ruby/gems/2.2.0/gems/railties-4.2.5.1/lib/rails/templates/rails/welcome/index.html.erb (0.0ms)
Completed 200 OK in 16ms (Views: 16.7ms | ActiveRecord: 0.0ms)


Started GET "/" for ::1 at 2016-08-16 19:19:56 -0400
Processing by Rails::WelcomeController#index as HTML
  Rendered C:/RailsInstaller/Ruby2.2.0/lib/ruby/gems/2.2.0/gems/railties-4.2.5.1/lib/rails/templates/rails/welcome/index.html.erb (0.0ms)
Completed 200 OK in 16ms (Views: 15.4ms | ActiveRecord: 0.0ms)


Started GET "/rails/info/properties" for ::1 at 2016-08-16 19:19:59 -0400
Processing by Rails::InfoController#properties as */*
  Rendered C:/RailsInstaller/Ruby2.2.0/lib/ruby/gems/2.2.0/gems/railties-4.2.5.1/lib/rails/templates/rails/info/properties.html.erb (0.0ms)
Completed 200 OK in 339ms (Views: 338.6ms | ActiveRecord: 0.0ms)


Started GET "/" for ::1 at 2016-08-16 22:51:01 -0400
Processing by Rails::WelcomeController#index as HTML
  Rendered C:/RailsInstaller/Ruby2.2.0/lib/ruby/gems/2.2.0/gems/railties-4.2.5.1/lib/rails/templates/rails/welcome/index.html.erb (12.8ms)
Completed 200 OK in 87ms (Views: 71.5ms | ActiveRecord: 0.0ms)
